<?xml version="1.0" encoding="UTF-8"?>
<!-- Generated by org.testng.reporters.JUnitReportReporter -->
<testsuite hostname="LT00116" failures="0" tests="1" name="com.automation.legoProject.TestCases.TestFilter" time="0.002" errors="0" timestamp="2022-03-02T14:47:08 EET" skipped="0">
  <testcase classname="com.automation.legoProject.TestCases.TestFilter" name="testLogin" time="0.002"/>
  <system-out/>
</testsuite> <!-- com.automation.legoProject.TestCases.TestFilter -->
